Vivado Simulator v2022.1
Copyright 1986-1999, 2001-2022 Xilinx, Inc. All Rights Reserved.
Running: C:/Xilinx/Vivado/2022.1/bin/unwrapped/win64.o/xelab.exe --incr --debug typical --relax --mt 2 -L xil_defaultlib -L fifo_generator_v13_2_7 -L unisims_ver -L unimacro_ver -L secureip -L xpm --snapshot tb_behav xil_defaultlib.tb xil_defaultlib.glbl -log elaborate.log 
Using 2 slave threads.
Starting static elaboration
Pass Through NonSizing Optimizer
WARNING: [VRFC 10-3705] select index 8 into 'origin' is out of bounds [C:/Vivado_prj/capstone2/imageprocessing/imageprocessing.srcs/sources_1/new/conv.v:40]
Completed static elaboration
Starting simulation data flow analysis
Completed simulation data flow analysis
Time Resolution for simulation is 1ps
Compiling module xil_defaultlib.line_buffer
Compiling module xil_defaultlib.image_control
Compiling module xil_defaultlib.conv
Compiling module fifo_generator_v13_2_7.fifo_generator_v13_2_7_bhv_ver_s...
Compiling module fifo_generator_v13_2_7.fifo_generator_v13_2_7_bhv_ver_p...
Compiling module fifo_generator_v13_2_7.fifo_generator_v13_2_7_CONV_VER(...
Compiling module fifo_generator_v13_2_7.fifo_generator_vlog_beh(C_COMMON...
Compiling module xil_defaultlib.output_buffer
Compiling module xil_defaultlib.image_processing_top
Compiling module xil_defaultlib.tb
WARNING: [XSIM 43-3373] "C:/Vivado_prj/capstone2/imageprocessing/imageprocessing.srcs/sim_1/new/tb.v" Line 40. System function $fscanf is used as system task. This system function should have a LHS e.g. x=$fscanf().
WARNING: [XSIM 43-3373] "C:/Vivado_prj/capstone2/imageprocessing/imageprocessing.srcs/sim_1/new/tb.v" Line 41. System function $fscanf is used as system task. This system function should have a LHS e.g. x=$fscanf().
WARNING: [XSIM 43-3373] "C:/Vivado_prj/capstone2/imageprocessing/imageprocessing.srcs/sim_1/new/tb.v" Line 47. System function $fscanf is used as system task. This system function should have a LHS e.g. x=$fscanf().
WARNING: [XSIM 43-3373] "C:/Vivado_prj/capstone2/imageprocessing/imageprocessing.srcs/sim_1/new/tb.v" Line 48. System function $fscanf is used as system task. This system function should have a LHS e.g. x=$fscanf().
WARNING: [XSIM 43-3373] "C:/Vivado_prj/capstone2/imageprocessing/imageprocessing.srcs/sim_1/new/tb.v" Line 60. System function $fscanf is used as system task. This system function should have a LHS e.g. x=$fscanf().
WARNING: [XSIM 43-3373] "C:/Vivado_prj/capstone2/imageprocessing/imageprocessing.srcs/sim_1/new/tb.v" Line 61. System function $fscanf is used as system task. This system function should have a LHS e.g. x=$fscanf().
Compiling module xil_defaultlib.glbl
Built simulation snapshot tb_behav
